<?xml version="1.0" encoding="UTF-8"?>
<!-- Generated by org.testng.reporters.JUnitReportReporter -->
<testsuite hostname="DESKTOP-DJ4FDME" failures="0" tests="1" name="org.wipro.automation.fb.basepkg.InitiateBrowser" time="8.282" errors="0" timestamp="2024-05-20T22:25:14 IST" skipped="0">
  <testcase classname="org.wipro.automation.fb.basepkg.InitiateBrowser" name="launchBrowser" time="8.282"/>
</testsuite> <!-- org.wipro.automation.fb.basepkg.InitiateBrowser -->
