<?xml version="1.0" encoding="UTF-8"?>
<!-- Generated by org.testng.reporters.JUnitReportReporter -->
<testsuite hostname="DESKTOP-DJ4FDME" failures="0" tests="3" name="org.wipro.automation.fb.testcases.LoginScenario" time="18.954" errors="0" timestamp="2024-05-21T22:15:05 IST" skipped="0">
  <testcase classname="org.wipro.automation.fb.testcases.LoginScenario" name="tc001_validateloginfunc" time="5.995"/>
  <testcase classname="org.wipro.automation.fb.testcases.LoginScenario" name="tc001_validateloginfunc" time="6.970"/>
  <testcase classname="org.wipro.automation.fb.testcases.LoginScenario" name="tc001_validateloginfunc" time="5.989"/>
</testsuite> <!-- org.wipro.automation.fb.testcases.LoginScenario -->
