<?xml version="1.0" encoding="UTF-8"?>
<!-- Generated by org.testng.reporters.JUnitReportReporter -->
<testsuite hostname="DESKTOP-DJ4FDME" failures="0" tests="6" name="testNGDemo.copy.TestScenario6" time="0.004" errors="0" timestamp="2024-05-01T21:46:35 IST" skipped="0">
  <testcase classname="testNGDemo.copy.TestScenario6" name="sixth_testcase" time="0.001"/>
  <testcase classname="testNGDemo.copy.TestScenario6" name="forth_testcase" time="0.001"/>
  <testcase classname="testNGDemo.copy.TestScenario6" name="fifth_testcase" time="0.001"/>
  <testcase classname="testNGDemo.copy.TestScenario6" name="second_testcase" time="0.001"/>
  <testcase classname="testNGDemo.copy.TestScenario6" name="first_testcase" time="0.000"/>
  <testcase classname="testNGDemo.copy.TestScenario6" name="third_testcase" time="0.000"/>
</testsuite> <!-- testNGDemo.copy.TestScenario6 -->
