<?xml version="1.0" encoding="UTF-8"?>
<!-- Generated by org.testng.reporters.JUnitReportReporter -->
<testsuite hostname="DESKTOP-DJ4FDME" failures="0" tests="2" name="org.xyz.auto.fb.FirstAutomation" time="16.096" errors="0" timestamp="2024-05-09T22:31:41 IST" skipped="1">
  <testcase classname="org.xyz.auto.fb.FirstAutomation" name="signup" time="16.096"/>
  <testcase classname="org.xyz.auto.fb.FirstAutomation" name="login">
    <skipped/>
  </testcase> <!-- login -->
</testsuite> <!-- org.xyz.auto.fb.FirstAutomation -->
