<?xml version="1.0" encoding="UTF-8"?>
<!-- Generated by org.testng.reporters.JUnitReportReporter -->
<testsuite hostname="DESKTOP-DJ4FDME" failures="0" tests="4" name="org.xyz.auto.fb.KeyboardMouse" time="32.306" errors="0" timestamp="2024-05-16T22:22:44 IST" skipped="2">
  <testcase classname="org.xyz.auto.fb.KeyboardMouse" name="handleAalert" time="3.307"/>
  <testcase classname="org.xyz.auto.fb.KeyboardMouse" name="handleFrames" time="28.999"/>
  <testcase classname="org.xyz.auto.fb.KeyboardMouse" name="mouseControl">
    <skipped/>
  </testcase> <!-- mouseControl -->
  <testcase classname="org.xyz.auto.fb.KeyboardMouse" name="keyboardControl">
    <skipped/>
  </testcase> <!-- keyboardControl -->
</testsuite> <!-- org.xyz.auto.fb.KeyboardMouse -->
