<?xml version="1.0" encoding="UTF-8"?>
<!-- Generated by org.testng.reporters.JUnitReportReporter -->
<testsuite hostname="DESKTOP-DJ4FDME" failures="0" tests="1" name="org.xyz.auto.fb.WaitsWebDriver" time="8.059" errors="0" timestamp="2024-05-10T22:33:29 IST" skipped="0">
  <testcase classname="org.xyz.auto.fb.WaitsWebDriver" name="fetchdataandcompare" time="8.059"/>
</testsuite> <!-- org.xyz.auto.fb.WaitsWebDriver -->
