<?xml version="1.0" encoding="UTF-8"?>
<!-- Generated by org.testng.reporters.JUnitReportReporter -->
<testsuite hostname="DESKTOP-DJ4FDME" failures="0" tests="1" name="org.wipro.automation.fb.testcases.SignupScenario" time="9.013" errors="0" timestamp="2024-05-22T22:23:15 IST" skipped="0">
  <testcase classname="org.wipro.automation.fb.testcases.SignupScenario" name="tc0020_validatesignup" time="9.013"/>
</testsuite> <!-- org.wipro.automation.fb.testcases.SignupScenario -->
