<?xml version="1.0" encoding="UTF-8"?>
<!-- Generated by org.testng.reporters.JUnitReportReporter -->
<testsuite hostname="DESKTOP-DJ4FDME" failures="0" tests="1" name="org.xyz.auto.fb.BrowserOperation" time="26.518" errors="0" timestamp="2024-05-03T22:08:54 IST" skipped="0">
  <testcase classname="org.xyz.auto.fb.BrowserOperation" name="launchbrowser" time="26.518"/>
</testsuite> <!-- org.xyz.auto.fb.BrowserOperation -->
